<?xml version="1.0" encoding="UTF-8"?>
<!-- Generated by org.testng.reporters.JUnitReportReporter -->
<testsuite hostname="INDRANEELGHULE" name="pkg1.CalculateSum" tests="1" failures="0" timestamp="15 Jan 2023 11:31:10 GMT" time="0.051" errors="0">
  <testcase name="M1" time="0.051" classname="pkg1.CalculateSum"/>
</testsuite> <!-- pkg1.CalculateSum -->
